Using pre-set license
Built from '2020.3/staging' branch; Version is '2020.3.26f1 (7298b473bc1a) revision 7510196'; Using compiler version '192528614'; Build Type 'Release'
OS: 'Windows 11  (10.0.22000) 64bit Core' Language: 'en' Physical Memory: 16057 MB
BatchMode: 1, IsHumanControllingUs: 0, StartBugReporterOnCrash: 0, Is64bit: 1, IsPro: 0

COMMAND LINE ARGUMENTS:
C:\Program Files\Unity\Hub\Editor\2020.3.26f1\Editor\Unity.exe
-adb2
-batchMode
-noUpm
-name
AssetImportWorker0
-projectPath
C:/Users/Muffy/Desktop/ICS161-GDIM33Playable_Prototype/Playable Prototype
-logFile
Logs/AssetImportWorker0.log
-srvPort
57977
Successfully changed project path to: C:/Users/Muffy/Desktop/ICS161-GDIM33Playable_Prototype/Playable Prototype
C:/Users/Muffy/Desktop/ICS161-GDIM33Playable_Prototype/Playable Prototype
Using Asset Import Pipeline V2.
Refreshing native plugins compatible for Editor in 48.19 ms, found 3 plugins.
Preloading 0 native plugins for Editor in 0.00 ms.
Initialize engine version: 2020.3.26f1 (7298b473bc1a)
[Subsystems] Discovering subsystems at path C:/Program Files/Unity/Hub/Editor/2020.3.26f1/Editor/Data/Resources/UnitySubsystems
[Subsystems] Discovering subsystems at path C:/Users/Muffy/Desktop/ICS161-GDIM33Playable_Prototype/Playable Prototype/Assets
GfxDevice: creating device client; threaded=0
Direct3D:
    Version:  Direct3D 11.0 [level 11.1]
    Renderer: Intel(R) Iris(R) Xe Graphics (ID=0x9a49)
    Vendor:   
    VRAM:     8028 MB
    Driver:   30.0.101.1960
Initialize mono
Mono path[0] = 'C:/Program Files/Unity/Hub/Editor/2020.3.26f1/Editor/Data/Managed'
Mono path[1] = 'C:/Program Files/Unity/Hub/Editor/2020.3.26f1/Editor/Data/MonoBleedingEdge/lib/mono/unityjit'
Mono config path = 'C:/Program Files/Unity/Hub/Editor/2020.3.26f1/Editor/Data/MonoBleedingEdge/etc'
Using monoOptions --debugger-agent=transport=dt_socket,embedding=1,server=y,suspend=n,address=127.0.0.1:56996
Begin MonoManager ReloadAssembly
Registering precompiled unity dll's ...
Register platform support module: C:/Program Files/Unity/Hub/Editor/2020.3.26f1/Editor/Data/PlaybackEngines/WindowsStandaloneSupport/UnityEditor.WindowsStandalone.Extensions.dll
Registered in 0.002072 seconds.
Native extension for WindowsStandalone target not found
Refreshing native plugins compatible for Editor in 47.52 ms, found 3 plugins.
Preloading 0 native plugins for Editor in 0.00 ms.
Mono: successfully reloaded assembly
- Completed reload, in  0.603 seconds
Domain Reload Profiling:
	ReloadAssembly (604ms)
		BeginReloadAssembly (59ms)
			ExecutionOrderSort (0ms)
			DisableScriptedObjects (0ms)
			BackupInstance (0ms)
			ReleaseScriptingObjects (0ms)
			CreateAndSetChildDomain (1ms)
		EndReloadAssembly (462ms)
			LoadAssemblies (57ms)
			RebuildTransferFunctionScriptingTraits (0ms)
			SetupTypeCache (142ms)
			ReleaseScriptCaches (0ms)
			RebuildScriptCaches (30ms)
			SetupLoadedEditorAssemblies (180ms)
				LogAssemblyErrors (0ms)
				InitializePlatformSupportModulesInManaged (5ms)
				SetLoadedEditorAssemblies (0ms)
				RefreshPlugins (48ms)
				BeforeProcessingInitializeOnLoad (18ms)
				ProcessInitializeOnLoadAttributes (82ms)
				ProcessInitializeOnLoadMethodAttributes (28ms)
				AfterProcessingInitializeOnLoad (0ms)
				EditorAssembliesLoaded (0ms)
			ExecutionOrderSort2 (0ms)
			AwakeInstancesAfterBackupRestoration (0ms)
Platform modules already initialized, skipping
Registering precompiled user dll's ...
Registered in 0.005679 seconds.
Begin MonoManager ReloadAssembly
Native extension for WindowsStandalone target not found
Refreshing native plugins compatible for Editor in 55.87 ms, found 3 plugins.
Preloading 0 native plugins for Editor in 0.00 ms.
Mono: successfully reloaded assembly
- Completed reload, in  1.258 seconds
Domain Reload Profiling:
	ReloadAssembly (1259ms)
		BeginReloadAssembly (154ms)
			ExecutionOrderSort (0ms)
			DisableScriptedObjects (4ms)
			BackupInstance (0ms)
			ReleaseScriptingObjects (0ms)
			CreateAndSetChildDomain (27ms)
		EndReloadAssembly (1036ms)
			LoadAssemblies (107ms)
			RebuildTransferFunctionScriptingTraits (0ms)
			SetupTypeCache (314ms)
			ReleaseScriptCaches (1ms)
			RebuildScriptCaches (56ms)
			SetupLoadedEditorAssemblies (433ms)
				LogAssemblyErrors (0ms)
				InitializePlatformSupportModulesInManaged (4ms)
				SetLoadedEditorAssemblies (0ms)
				RefreshPlugins (56ms)
				BeforeProcessingInitializeOnLoad (99ms)
				ProcessInitializeOnLoadAttributes (245ms)
				ProcessInitializeOnLoadMethodAttributes (22ms)
				AfterProcessingInitializeOnLoad (6ms)
				EditorAssembliesLoaded (0ms)
			ExecutionOrderSort2 (0ms)
			AwakeInstancesAfterBackupRestoration (7ms)
Platform modules already initialized, skipping
========================================================================
Worker process is ready to serve import requests
Launched and connected shader compiler UnityShaderCompiler.exe after 0.07 seconds
Refreshing native plugins compatible for Editor in 0.56 ms, found 3 plugins.
Preloading 0 native plugins for Editor in 0.00 ms.
Unloading 2345 Unused Serialized files (Serialized files now loaded: 0)
System memory in use before: 101.0 MB.
System memory in use after: 101.2 MB.

Unloading 29 unused Assets to reduce memory usage. Loaded Objects now: 2780.
Total: 3.848900 ms (FindLiveObjects: 0.326000 ms CreateObjectMapping: 0.077700 ms MarkObjects: 3.375400 ms  DeleteObjects: 0.067200 ms)

AssetImportParameters requested are different than current active one (requested -> active):
  custom:framework-win-MediaFoundation: 216162199b28c13a410421893ffa2e32 -> 
  custom:video-decoder-ogg-theora: a1e56fd34408186e4bbccfd4996cb3dc -> 
  custom:container-muxer-webm: aa71ff27fc2769a1b78a27578f13a17b -> 
  custom:container-demuxer-webm: 4f35f7cbe854078d1ac9338744f61a02 -> 
  custom:container-demuxer-ogg: 62fdf1f143b41e24485cea50d1cbac27 -> 
  custom:video-encoder-webm-vp8: eb34c28f22e8b96e1ab97ce403110664 -> 
  custom:video-codec-MediaFoundation-h265: 746d11721c4dcdbdad8f713fa42b33f4 -> 
  custom:video-decoder-webm-vp8: 9c59270c3fd7afecdb556c50c9e8de78 -> 
  custom:audio-decoder-ogg-vorbis: bf7c407c2cedff20999df2af8eb42d56 -> 
  custom:audio-encoder-webm-vorbis: bf7c407c2cedff20999df2af8eb42d56 -> 
========================================================================
Received Import Request.
  path: Assets/Artwork/PrototypeBackgroundFinal-Mountains.png
  artifactKey: Guid(f9026deb59215404b9fd8083df449800) Importer(815301076,1909f56bfc062723c751e8b465ee728b)
Start importing Assets/Artwork/PrototypeBackgroundFinal-Mountains.png using Guid(f9026deb59215404b9fd8083df449800) Importer(815301076,1909f56bfc062723c751e8b465ee728b)  -> (artifact id: '1683dcede2d39a610925b7eed4b0b81b') in 0.124867 seconds 
  Import took 0.129639 seconds .

========================================================================
Received Import Request.
  Time since last request: 0.000307 seconds.
  path: Assets/Artwork/PrototypeBackgroundFinal-Sky.png
  artifactKey: Guid(ebfd0f54a76431541bb2c8df37eaa57f) Importer(815301076,1909f56bfc062723c751e8b465ee728b)
Start importing Assets/Artwork/PrototypeBackgroundFinal-Sky.png using Guid(ebfd0f54a76431541bb2c8df37eaa57f) Importer(815301076,1909f56bfc062723c751e8b465ee728b)  -> (artifact id: '9b2932e10ea4eddbc2913fa617af3283') in 0.027554 seconds 
  Import took 0.032193 seconds .

========================================================================
Received Import Request.
  Time since last request: 14.137342 seconds.
  path: Assets/Artwork/PrototypeBackgroundFinal-Sky.png
  artifactKey: Guid(ebfd0f54a76431541bb2c8df37eaa57f) Importer(815301076,1909f56bfc062723c751e8b465ee728b)
Start importing Assets/Artwork/PrototypeBackgroundFinal-Sky.png using Guid(ebfd0f54a76431541bb2c8df37eaa57f) Importer(815301076,1909f56bfc062723c751e8b465ee728b)  -> (artifact id: 'a45adb907df33e21f0546e11d0f5e022') in 0.017744 seconds 
  Import took 0.024710 seconds .

========================================================================
Received Import Request.
  Time since last request: 14.178359 seconds.
  path: Assets/Artwork/PrototypeBackgroundFinal-Sky.png
  artifactKey: Guid(ebfd0f54a76431541bb2c8df37eaa57f) Importer(815301076,1909f56bfc062723c751e8b465ee728b)
Start importing Assets/Artwork/PrototypeBackgroundFinal-Sky.png using Guid(ebfd0f54a76431541bb2c8df37eaa57f) Importer(815301076,1909f56bfc062723c751e8b465ee728b)  -> (artifact id: '4a8b57f8a07bb7cdbbefdeab1932d1a8') in 0.057493 seconds 
  Import took 0.063207 seconds .

========================================================================
Received Import Request.
  Time since last request: 304.894746 seconds.
  path: Assets/Artwork/PrototypeBackgroundFinal-Bushes.png
  artifactKey: Guid(3f841d6411bddd540be590309c7e4576) Importer(815301076,1909f56bfc062723c751e8b465ee728b)
Start importing Assets/Artwork/PrototypeBackgroundFinal-Bushes.png using Guid(3f841d6411bddd540be590309c7e4576) Importer(815301076,1909f56bfc062723c751e8b465ee728b)  -> (artifact id: '300ae10d3e51cfd46d4dbb1c5fd750d1') in 0.024535 seconds 
  Import took 0.032374 seconds .

========================================================================
Received Import Request.
  Time since last request: 1.394862 seconds.
  path: Assets/Artwork/PrototypeBackgroundFinal-Grass.png
  artifactKey: Guid(bc786629f3edbfd4ba86d17daf20eb75) Importer(815301076,1909f56bfc062723c751e8b465ee728b)
Start importing Assets/Artwork/PrototypeBackgroundFinal-Grass.png using Guid(bc786629f3edbfd4ba86d17daf20eb75) Importer(815301076,1909f56bfc062723c751e8b465ee728b)  -> (artifact id: '724368d158d50551972544eec1790ab8') in 0.022056 seconds 
  Import took 0.027671 seconds .

========================================================================
Received Import Request.
  Time since last request: 0.661792 seconds.
  path: Assets/Artwork/PrototypeBackgroundFinal-Hills.png
  artifactKey: Guid(73de92d070fcf5a4fbbc1289392d94b9) Importer(815301076,1909f56bfc062723c751e8b465ee728b)
Start importing Assets/Artwork/PrototypeBackgroundFinal-Hills.png using Guid(73de92d070fcf5a4fbbc1289392d94b9) Importer(815301076,1909f56bfc062723c751e8b465ee728b)  -> (artifact id: '400ee83033adf63a11ca86f8605cd12e') in 0.019505 seconds 
  Import took 0.025086 seconds .

========================================================================
Received Import Request.
  Time since last request: 17.150572 seconds.
  path: Assets/Artwork/PrototypeBackgroundFinal-Mountains.png
  artifactKey: Guid(f9026deb59215404b9fd8083df449800) Importer(815301076,1909f56bfc062723c751e8b465ee728b)
Start importing Assets/Artwork/PrototypeBackgroundFinal-Mountains.png using Guid(f9026deb59215404b9fd8083df449800) Importer(815301076,1909f56bfc062723c751e8b465ee728b)  -> (artifact id: 'b4f36e8bf52f6cfc532d9d5934176377') in 0.032120 seconds 
  Import took 0.037089 seconds .

========================================================================
Received Import Request.
  Time since last request: 29.461846 seconds.
  path: Assets/Artwork/PrototypeBackgroundFinal-Hills.png
  artifactKey: Guid(73de92d070fcf5a4fbbc1289392d94b9) Importer(815301076,1909f56bfc062723c751e8b465ee728b)
Start importing Assets/Artwork/PrototypeBackgroundFinal-Hills.png using Guid(73de92d070fcf5a4fbbc1289392d94b9) Importer(815301076,1909f56bfc062723c751e8b465ee728b)  -> (artifact id: '5b3d7067b2c837ea53f57d6c3d801154') in 0.024755 seconds 
  Import took 0.031116 seconds .

========================================================================
Received Import Request.
  Time since last request: 23.799620 seconds.
  path: Assets/Artwork/PrototypeBackgroundFinal-Trees5.png
  artifactKey: Guid(d229c0d75b519574ea1434825a196c7f) Importer(815301076,1909f56bfc062723c751e8b465ee728b)
Start importing Assets/Artwork/PrototypeBackgroundFinal-Trees5.png using Guid(d229c0d75b519574ea1434825a196c7f) Importer(815301076,1909f56bfc062723c751e8b465ee728b)  -> (artifact id: 'ffa53ef194f5fe173d0961ee4a069fb0') in 0.022687 seconds 
  Import took 0.029150 seconds .

========================================================================
Received Import Request.
  Time since last request: 11.313375 seconds.
  path: Assets/Artwork/PrototypeBackgroundFinal-Trees5.png
  artifactKey: Guid(d229c0d75b519574ea1434825a196c7f) Importer(815301076,1909f56bfc062723c751e8b465ee728b)
Start importing Assets/Artwork/PrototypeBackgroundFinal-Trees5.png using Guid(d229c0d75b519574ea1434825a196c7f) Importer(815301076,1909f56bfc062723c751e8b465ee728b)  -> (artifact id: 'e4829060a822aadbca57bd093b818458') in 0.024468 seconds 
  Import took 0.028761 seconds .

========================================================================
Received Import Request.
  Time since last request: 25.871285 seconds.
  path: Assets/Artwork/PrototypeBackgroundFinal-Trees4.png
  artifactKey: Guid(d6cbbd43304aebb48b4ce0eb47265d67) Importer(815301076,1909f56bfc062723c751e8b465ee728b)
Start importing Assets/Artwork/PrototypeBackgroundFinal-Trees4.png using Guid(d6cbbd43304aebb48b4ce0eb47265d67) Importer(815301076,1909f56bfc062723c751e8b465ee728b)  -> (artifact id: '6d9ac646868022e6ab51c9e6618a83c6') in 0.031117 seconds 
  Import took 0.036820 seconds .

========================================================================
Received Import Request.
  Time since last request: 11.317383 seconds.
  path: Assets/Artwork/PrototypeBackgroundFinal-Trees4.png
  artifactKey: Guid(d6cbbd43304aebb48b4ce0eb47265d67) Importer(815301076,1909f56bfc062723c751e8b465ee728b)
Start importing Assets/Artwork/PrototypeBackgroundFinal-Trees4.png using Guid(d6cbbd43304aebb48b4ce0eb47265d67) Importer(815301076,1909f56bfc062723c751e8b465ee728b)  -> (artifact id: '40efe4379496ed00a163cdc6968a8d4e') in 0.022482 seconds 
  Import took 0.028933 seconds .

========================================================================
Received Import Request.
  Time since last request: 13.474723 seconds.
  path: Assets/Artwork/PrototypeBackgroundFinal-Trees3.png
  artifactKey: Guid(ee91a5429282bad48ac04dd16feaa9d9) Importer(815301076,1909f56bfc062723c751e8b465ee728b)
Start importing Assets/Artwork/PrototypeBackgroundFinal-Trees3.png using Guid(ee91a5429282bad48ac04dd16feaa9d9) Importer(815301076,1909f56bfc062723c751e8b465ee728b)  -> (artifact id: '2a7cb7c37726b0b6630540edff5da80d') in 0.027812 seconds 
  Import took 0.033462 seconds .

========================================================================
Received Import Request.
  Time since last request: 2.818535 seconds.
  path: Assets/Artwork/PrototypeBackgroundFinal-Trees2.png
  artifactKey: Guid(ed45955b275b7a745bf3497500be341e) Importer(815301076,1909f56bfc062723c751e8b465ee728b)
Start importing Assets/Artwork/PrototypeBackgroundFinal-Trees2.png using Guid(ed45955b275b7a745bf3497500be341e) Importer(815301076,1909f56bfc062723c751e8b465ee728b)  -> (artifact id: '20749d77e494c191c8cfb92867fee282') in 0.020411 seconds 
  Import took 0.027293 seconds .

========================================================================
Received Import Request.
  Time since last request: 0.386118 seconds.
  path: Assets/Artwork/PrototypeBackgroundFinal-Trees1.png
  artifactKey: Guid(f98b8098d1510964db004a1c62907643) Importer(815301076,1909f56bfc062723c751e8b465ee728b)
Start importing Assets/Artwork/PrototypeBackgroundFinal-Trees1.png using Guid(f98b8098d1510964db004a1c62907643) Importer(815301076,1909f56bfc062723c751e8b465ee728b)  -> (artifact id: '4717d6dcf5ed5e9b271e2278510b141b') in 0.019597 seconds 
  Import took 0.025157 seconds .

========================================================================
Received Import Request.
  Time since last request: 20.630160 seconds.
  path: Assets/Artwork/PrototypeBackgroundFinal-Trees3.png
  artifactKey: Guid(ee91a5429282bad48ac04dd16feaa9d9) Importer(815301076,1909f56bfc062723c751e8b465ee728b)
Start importing Assets/Artwork/PrototypeBackgroundFinal-Trees3.png using Guid(ee91a5429282bad48ac04dd16feaa9d9) Importer(815301076,1909f56bfc062723c751e8b465ee728b)  -> (artifact id: '21f6c0354a64aa52522ed94e07ad72a2') in 0.022082 seconds 
  Import took 0.029066 seconds .

========================================================================
Received Import Request.
  Time since last request: 27.388732 seconds.
  path: Assets/Artwork/PrototypeBackgroundFinal-Trees2.png
  artifactKey: Guid(ed45955b275b7a745bf3497500be341e) Importer(815301076,1909f56bfc062723c751e8b465ee728b)
Start importing Assets/Artwork/PrototypeBackgroundFinal-Trees2.png using Guid(ed45955b275b7a745bf3497500be341e) Importer(815301076,1909f56bfc062723c751e8b465ee728b)  -> (artifact id: '4a5cf6a3426ef9aa00ebb921e994f899') in 0.020716 seconds 
  Import took 0.025780 seconds .

========================================================================
Received Import Request.
  Time since last request: 30.112731 seconds.
  path: Assets/Artwork/PrototypeBackgroundFinal-Bushes.png
  artifactKey: Guid(3f841d6411bddd540be590309c7e4576) Importer(815301076,1909f56bfc062723c751e8b465ee728b)
Start importing Assets/Artwork/PrototypeBackgroundFinal-Bushes.png using Guid(3f841d6411bddd540be590309c7e4576) Importer(815301076,1909f56bfc062723c751e8b465ee728b)  -> (artifact id: '90d9cb4a2e3bfeec33c2fd3297159135') in 0.022915 seconds 
  Import took 0.028640 seconds .

========================================================================
Received Import Request.
  Time since last request: 19.377386 seconds.
  path: Assets/Artwork/PrototypeBackgroundFinal-Trees1.png
  artifactKey: Guid(f98b8098d1510964db004a1c62907643) Importer(815301076,1909f56bfc062723c751e8b465ee728b)
Start importing Assets/Artwork/PrototypeBackgroundFinal-Trees1.png using Guid(f98b8098d1510964db004a1c62907643) Importer(815301076,1909f56bfc062723c751e8b465ee728b)  -> (artifact id: '1e192df40e10a1930778b3b15a96945f') in 0.023459 seconds 
  Import took 0.029759 seconds .

========================================================================
Received Import Request.
  Time since last request: 37.877347 seconds.
  path: Assets/Artwork/PrototypeBackgroundFinal-Grass.png
  artifactKey: Guid(bc786629f3edbfd4ba86d17daf20eb75) Importer(815301076,1909f56bfc062723c751e8b465ee728b)
Start importing Assets/Artwork/PrototypeBackgroundFinal-Grass.png using Guid(bc786629f3edbfd4ba86d17daf20eb75) Importer(815301076,1909f56bfc062723c751e8b465ee728b)  -> (artifact id: 'd0343be21de34c779f65a99fa29ecded') in 0.020259 seconds 
  Import took 0.024702 seconds .

========================================================================
Received Import Request.
  Time since last request: 2133.251489 seconds.
  path: Assets/Artwork/Background
  artifactKey: Guid(182ddc98b4df41c4389979d3a42e4970) Importer(815301076,1909f56bfc062723c751e8b465ee728b)
Start importing Assets/Artwork/Background using Guid(182ddc98b4df41c4389979d3a42e4970) Importer(815301076,1909f56bfc062723c751e8b465ee728b)  -> (artifact id: 'eb56657f703651610f6b1062de80d34f') in 0.014534 seconds 
  Import took 0.022642 seconds .

========================================================================
Received Import Request.
  Time since last request: 1131.883594 seconds.
  path: Assets/Scripts/ParallaxFX.cs
  artifactKey: Guid(520f15c73729dd44cb34bc25a1e86a53) Importer(815301076,1909f56bfc062723c751e8b465ee728b)
Start importing Assets/Scripts/ParallaxFX.cs using Guid(520f15c73729dd44cb34bc25a1e86a53) Importer(815301076,1909f56bfc062723c751e8b465ee728b)  -> (artifact id: '84ca7e77e9dbcbd0e03fdcc735440659') in 0.075570 seconds 
  Import took 0.082096 seconds .

========================================================================
Received Prepare
Registering precompiled user dll's ...
Registered in 0.005282 seconds.
Begin MonoManager ReloadAssembly
Native extension for WindowsStandalone target not found
Refreshing native plugins compatible for Editor in 0.59 ms, found 3 plugins.
Preloading 0 native plugins for Editor in 0.00 ms.
Mono: successfully reloaded assembly
- Completed reload, in  1.102 seconds
Domain Reload Profiling:
	ReloadAssembly (1102ms)
		BeginReloadAssembly (157ms)
			ExecutionOrderSort (0ms)
			DisableScriptedObjects (7ms)
			BackupInstance (0ms)
			ReleaseScriptingObjects (0ms)
			CreateAndSetChildDomain (66ms)
		EndReloadAssembly (880ms)
			LoadAssemblies (95ms)
			RebuildTransferFunctionScriptingTraits (0ms)
			SetupTypeCache (305ms)
			ReleaseScriptCaches (1ms)
			RebuildScriptCaches (46ms)
			SetupLoadedEditorAssemblies (337ms)
				LogAssemblyErrors (0ms)
				InitializePlatformSupportModulesInManaged (5ms)
				SetLoadedEditorAssemblies (1ms)
				RefreshPlugins (1ms)
				BeforeProcessingInitializeOnLoad (92ms)
				ProcessInitializeOnLoadAttributes (221ms)
				ProcessInitializeOnLoadMethodAttributes (12ms)
				AfterProcessingInitializeOnLoad (6ms)
				EditorAssembliesLoaded (0ms)
			ExecutionOrderSort2 (0ms)
			AwakeInstancesAfterBackupRestoration (8ms)
Platform modules already initialized, skipping
Refreshing native plugins compatible for Editor in 0.75 ms, found 3 plugins.
Preloading 0 native plugins for Editor in 0.00 ms.
Unloading 2333 Unused Serialized files (Serialized files now loaded: 0)
System memory in use before: 103.3 MB.
System memory in use after: 103.5 MB.

Unloading 18 unused Assets to reduce memory usage. Loaded Objects now: 2790.
Total: 4.405600 ms (FindLiveObjects: 0.530800 ms CreateObjectMapping: 0.261300 ms MarkObjects: 3.577700 ms  DeleteObjects: 0.034100 ms)

AssetImportParameters requested are different than current active one (requested -> active):
  custom:framework-win-MediaFoundation: 216162199b28c13a410421893ffa2e32 -> 
  custom:video-decoder-ogg-theora: a1e56fd34408186e4bbccfd4996cb3dc -> 
  custom:container-muxer-webm: aa71ff27fc2769a1b78a27578f13a17b -> 
  custom:container-demuxer-webm: 4f35f7cbe854078d1ac9338744f61a02 -> 
  custom:container-demuxer-ogg: 62fdf1f143b41e24485cea50d1cbac27 -> 
  custom:video-encoder-webm-vp8: eb34c28f22e8b96e1ab97ce403110664 -> 
  custom:video-codec-MediaFoundation-h265: 746d11721c4dcdbdad8f713fa42b33f4 -> 
  custom:video-decoder-webm-vp8: 9c59270c3fd7afecdb556c50c9e8de78 -> 
  custom:audio-decoder-ogg-vorbis: bf7c407c2cedff20999df2af8eb42d56 -> 
  custom:audio-encoder-webm-vorbis: bf7c407c2cedff20999df2af8eb42d56 -> 
========================================================================
Received Import Request.
  Time since last request: 292.937704 seconds.
  path: Assets/Scripts/ParallaxFX.cs
  artifactKey: Guid(520f15c73729dd44cb34bc25a1e86a53) Importer(815301076,1909f56bfc062723c751e8b465ee728b)
Start importing Assets/Scripts/ParallaxFX.cs using Guid(520f15c73729dd44cb34bc25a1e86a53) Importer(815301076,1909f56bfc062723c751e8b465ee728b)  -> (artifact id: '16c80a60fdd99d29cdba00ffedaaacb7') in 0.022314 seconds 
  Import took 0.036169 seconds .

========================================================================
Received Prepare
Registering precompiled user dll's ...
Registered in 0.012191 seconds.
Begin MonoManager ReloadAssembly
Native extension for WindowsStandalone target not found
Refreshing native plugins compatible for Editor in 0.63 ms, found 3 plugins.
Preloading 0 native plugins for Editor in 0.00 ms.
Mono: successfully reloaded assembly
- Completed reload, in  1.476 seconds
Domain Reload Profiling:
	ReloadAssembly (1477ms)
		BeginReloadAssembly (252ms)
			ExecutionOrderSort (0ms)
			DisableScriptedObjects (15ms)
			BackupInstance (0ms)
			ReleaseScriptingObjects (0ms)
			CreateAndSetChildDomain (82ms)
		EndReloadAssembly (1059ms)
			LoadAssemblies (227ms)
			RebuildTransferFunctionScriptingTraits (0ms)
			SetupTypeCache (404ms)
			ReleaseScriptCaches (2ms)
			RebuildScriptCaches (50ms)
			SetupLoadedEditorAssemblies (336ms)
				LogAssemblyErrors (0ms)
				InitializePlatformSupportModulesInManaged (5ms)
				SetLoadedEditorAssemblies (0ms)
				RefreshPlugins (1ms)
				BeforeProcessingInitializeOnLoad (92ms)
				ProcessInitializeOnLoadAttributes (219ms)
				ProcessInitializeOnLoadMethodAttributes (12ms)
				AfterProcessingInitializeOnLoad (7ms)
				EditorAssembliesLoaded (0ms)
			ExecutionOrderSort2 (0ms)
			AwakeInstancesAfterBackupRestoration (9ms)
Platform modules already initialized, skipping
Refreshing native plugins compatible for Editor in 0.58 ms, found 3 plugins.
Preloading 0 native plugins for Editor in 0.00 ms.
Unloading 2333 Unused Serialized files (Serialized files now loaded: 0)
System memory in use before: 103.3 MB.
System memory in use after: 103.6 MB.

Unloading 18 unused Assets to reduce memory usage. Loaded Objects now: 2792.
Total: 3.788900 ms (FindLiveObjects: 0.205500 ms CreateObjectMapping: 0.088500 ms MarkObjects: 3.470800 ms  DeleteObjects: 0.022500 ms)

AssetImportParameters requested are different than current active one (requested -> active):
  custom:framework-win-MediaFoundation: 216162199b28c13a410421893ffa2e32 -> 
  custom:video-decoder-ogg-theora: a1e56fd34408186e4bbccfd4996cb3dc -> 
  custom:container-muxer-webm: aa71ff27fc2769a1b78a27578f13a17b -> 
  custom:container-demuxer-webm: 4f35f7cbe854078d1ac9338744f61a02 -> 
  custom:container-demuxer-ogg: 62fdf1f143b41e24485cea50d1cbac27 -> 
  custom:video-encoder-webm-vp8: eb34c28f22e8b96e1ab97ce403110664 -> 
  custom:video-codec-MediaFoundation-h265: 746d11721c4dcdbdad8f713fa42b33f4 -> 
  custom:video-decoder-webm-vp8: 9c59270c3fd7afecdb556c50c9e8de78 -> 
  custom:audio-decoder-ogg-vorbis: bf7c407c2cedff20999df2af8eb42d56 -> 
  custom:audio-encoder-webm-vorbis: bf7c407c2cedff20999df2af8eb42d56 -> 
========================================================================
Received Prepare
Registering precompiled user dll's ...
Registered in 0.010078 seconds.
Begin MonoManager ReloadAssembly
Native extension for WindowsStandalone target not found
Refreshing native plugins compatible for Editor in 1.11 ms, found 3 plugins.
Preloading 0 native plugins for Editor in 0.00 ms.
Mono: successfully reloaded assembly
- Completed reload, in  2.555 seconds
Domain Reload Profiling:
	ReloadAssembly (2557ms)
		BeginReloadAssembly (245ms)
			ExecutionOrderSort (0ms)
			DisableScriptedObjects (14ms)
			BackupInstance (0ms)
			ReleaseScriptingObjects (0ms)
			CreateAndSetChildDomain (79ms)
		EndReloadAssembly (2147ms)
			LoadAssemblies (238ms)
			RebuildTransferFunctionScriptingTraits (0ms)
			SetupTypeCache (721ms)
			ReleaseScriptCaches (2ms)
			RebuildScriptCaches (123ms)
			SetupLoadedEditorAssemblies (792ms)
				LogAssemblyErrors (0ms)
				InitializePlatformSupportModulesInManaged (12ms)
				SetLoadedEditorAssemblies (1ms)
				RefreshPlugins (1ms)
				BeforeProcessingInitializeOnLoad (232ms)
				ProcessInitializeOnLoadAttributes (501ms)
				ProcessInitializeOnLoadMethodAttributes (28ms)
				AfterProcessingInitializeOnLoad (17ms)
				EditorAssembliesLoaded (0ms)
			ExecutionOrderSort2 (0ms)
			AwakeInstancesAfterBackupRestoration (21ms)
Platform modules already initialized, skipping
Refreshing native plugins compatible for Editor in 1.09 ms, found 3 plugins.
Preloading 0 native plugins for Editor in 0.00 ms.
Unloading 2333 Unused Serialized files (Serialized files now loaded: 0)
System memory in use before: 103.4 MB.
System memory in use after: 103.6 MB.

Unloading 18 unused Assets to reduce memory usage. Loaded Objects now: 2794.
Total: 6.607400 ms (FindLiveObjects: 0.346100 ms CreateObjectMapping: 0.194700 ms MarkObjects: 6.016500 ms  DeleteObjects: 0.047400 ms)

AssetImportParameters requested are different than current active one (requested -> active):
  custom:framework-win-MediaFoundation: 216162199b28c13a410421893ffa2e32 -> 
  custom:video-decoder-ogg-theora: a1e56fd34408186e4bbccfd4996cb3dc -> 
  custom:container-muxer-webm: aa71ff27fc2769a1b78a27578f13a17b -> 
  custom:container-demuxer-webm: 4f35f7cbe854078d1ac9338744f61a02 -> 
  custom:container-demuxer-ogg: 62fdf1f143b41e24485cea50d1cbac27 -> 
  custom:video-encoder-webm-vp8: eb34c28f22e8b96e1ab97ce403110664 -> 
  custom:video-codec-MediaFoundation-h265: 746d11721c4dcdbdad8f713fa42b33f4 -> 
  custom:video-decoder-webm-vp8: 9c59270c3fd7afecdb556c50c9e8de78 -> 
  custom:audio-decoder-ogg-vorbis: bf7c407c2cedff20999df2af8eb42d56 -> 
  custom:audio-encoder-webm-vorbis: bf7c407c2cedff20999df2af8eb42d56 -> 
========================================================================
Received Prepare
Registering precompiled user dll's ...
Registered in 0.008014 seconds.
Begin MonoManager ReloadAssembly
Native extension for WindowsStandalone target not found
Refreshing native plugins compatible for Editor in 0.99 ms, found 3 plugins.
Preloading 0 native plugins for Editor in 0.00 ms.
Mono: successfully reloaded assembly
- Completed reload, in  2.345 seconds
Domain Reload Profiling:
	ReloadAssembly (2346ms)
		BeginReloadAssembly (234ms)
			ExecutionOrderSort (0ms)
			DisableScriptedObjects (14ms)
			BackupInstance (0ms)
			ReleaseScriptingObjects (0ms)
			CreateAndSetChildDomain (75ms)
		EndReloadAssembly (1962ms)
			LoadAssemblies (206ms)
			RebuildTransferFunctionScriptingTraits (0ms)
			SetupTypeCache (668ms)
			ReleaseScriptCaches (2ms)
			RebuildScriptCaches (104ms)
			SetupLoadedEditorAssemblies (741ms)
				LogAssemblyErrors (0ms)
				InitializePlatformSupportModulesInManaged (11ms)
				SetLoadedEditorAssemblies (1ms)
				RefreshPlugins (1ms)
				BeforeProcessingInitializeOnLoad (202ms)
				ProcessInitializeOnLoadAttributes (482ms)
				ProcessInitializeOnLoadMethodAttributes (27ms)
				AfterProcessingInitializeOnLoad (15ms)
				EditorAssembliesLoaded (0ms)
			ExecutionOrderSort2 (0ms)
			AwakeInstancesAfterBackupRestoration (21ms)
Platform modules already initialized, skipping
Refreshing native plugins compatible for Editor in 1.27 ms, found 3 plugins.
Preloading 0 native plugins for Editor in 0.00 ms.
Unloading 2333 Unused Serialized files (Serialized files now loaded: 0)
System memory in use before: 103.4 MB.
System memory in use after: 103.6 MB.

Unloading 18 unused Assets to reduce memory usage. Loaded Objects now: 2796.
Total: 4.706900 ms (FindLiveObjects: 0.274600 ms CreateObjectMapping: 0.087000 ms MarkObjects: 4.312500 ms  DeleteObjects: 0.030800 ms)

AssetImportParameters requested are different than current active one (requested -> active):
  custom:framework-win-MediaFoundation: 216162199b28c13a410421893ffa2e32 -> 
  custom:video-decoder-ogg-theora: a1e56fd34408186e4bbccfd4996cb3dc -> 
  custom:container-muxer-webm: aa71ff27fc2769a1b78a27578f13a17b -> 
  custom:container-demuxer-webm: 4f35f7cbe854078d1ac9338744f61a02 -> 
  custom:container-demuxer-ogg: 62fdf1f143b41e24485cea50d1cbac27 -> 
  custom:video-encoder-webm-vp8: eb34c28f22e8b96e1ab97ce403110664 -> 
  custom:video-codec-MediaFoundation-h265: 746d11721c4dcdbdad8f713fa42b33f4 -> 
  custom:video-decoder-webm-vp8: 9c59270c3fd7afecdb556c50c9e8de78 -> 
  custom:audio-decoder-ogg-vorbis: bf7c407c2cedff20999df2af8eb42d56 -> 
  custom:audio-encoder-webm-vorbis: bf7c407c2cedff20999df2af8eb42d56 -> 
========================================================================
Received Prepare
Registering precompiled user dll's ...
Registered in 0.007747 seconds.
Begin MonoManager ReloadAssembly
Native extension for WindowsStandalone target not found
Refreshing native plugins compatible for Editor in 1.16 ms, found 3 plugins.
Preloading 0 native plugins for Editor in 0.00 ms.
Mono: successfully reloaded assembly
- Completed reload, in  2.732 seconds
Domain Reload Profiling:
	ReloadAssembly (2734ms)
		BeginReloadAssembly (252ms)
			ExecutionOrderSort (0ms)
			DisableScriptedObjects (15ms)
			BackupInstance (0ms)
			ReleaseScriptingObjects (0ms)
			CreateAndSetChildDomain (76ms)
		EndReloadAssembly (2321ms)
			LoadAssemblies (235ms)
			RebuildTransferFunctionScriptingTraits (0ms)
			SetupTypeCache (763ms)
			ReleaseScriptCaches (4ms)
			RebuildScriptCaches (154ms)
			SetupLoadedEditorAssemblies (880ms)
				LogAssemblyErrors (0ms)
				InitializePlatformSupportModulesInManaged (11ms)
				SetLoadedEditorAssemblies (1ms)
				RefreshPlugins (1ms)
				BeforeProcessingInitializeOnLoad (269ms)
				ProcessInitializeOnLoadAttributes (554ms)
				ProcessInitializeOnLoadMethodAttributes (26ms)
				AfterProcessingInitializeOnLoad (16ms)
				EditorAssembliesLoaded (0ms)
			ExecutionOrderSort2 (0ms)
			AwakeInstancesAfterBackupRestoration (21ms)
Platform modules already initialized, skipping
Refreshing native plugins compatible for Editor in 1.05 ms, found 3 plugins.
Preloading 0 native plugins for Editor in 0.00 ms.
Unloading 2333 Unused Serialized files (Serialized files now loaded: 0)
System memory in use before: 103.3 MB.
System memory in use after: 103.5 MB.

Unloading 18 unused Assets to reduce memory usage. Loaded Objects now: 2798.
Total: 7.012500 ms (FindLiveObjects: 0.337500 ms CreateObjectMapping: 0.170700 ms MarkObjects: 6.433000 ms  DeleteObjects: 0.068200 ms)

AssetImportParameters requested are different than current active one (requested -> active):
  custom:framework-win-MediaFoundation: 216162199b28c13a410421893ffa2e32 -> 
  custom:video-decoder-ogg-theora: a1e56fd34408186e4bbccfd4996cb3dc -> 
  custom:container-muxer-webm: aa71ff27fc2769a1b78a27578f13a17b -> 
  custom:container-demuxer-webm: 4f35f7cbe854078d1ac9338744f61a02 -> 
  custom:container-demuxer-ogg: 62fdf1f143b41e24485cea50d1cbac27 -> 
  custom:video-encoder-webm-vp8: eb34c28f22e8b96e1ab97ce403110664 -> 
  custom:video-codec-MediaFoundation-h265: 746d11721c4dcdbdad8f713fa42b33f4 -> 
  custom:video-decoder-webm-vp8: 9c59270c3fd7afecdb556c50c9e8de78 -> 
  custom:audio-decoder-ogg-vorbis: bf7c407c2cedff20999df2af8eb42d56 -> 
  custom:audio-encoder-webm-vorbis: bf7c407c2cedff20999df2af8eb42d56 -> 
========================================================================
Received Prepare
Registering precompiled user dll's ...
Registered in 0.005478 seconds.
Begin MonoManager ReloadAssembly
Native extension for WindowsStandalone target not found
Refreshing native plugins compatible for Editor in 0.67 ms, found 3 plugins.
Preloading 0 native plugins for Editor in 0.00 ms.
Mono: successfully reloaded assembly
- Completed reload, in  1.044 seconds
Domain Reload Profiling:
	ReloadAssembly (1045ms)
		BeginReloadAssembly (116ms)
			ExecutionOrderSort (0ms)
			DisableScriptedObjects (7ms)
			BackupInstance (0ms)
			ReleaseScriptingObjects (0ms)
			CreateAndSetChildDomain (42ms)
		EndReloadAssembly (867ms)
			LoadAssemblies (91ms)
			RebuildTransferFunctionScriptingTraits (0ms)
			SetupTypeCache (271ms)
			ReleaseScriptCaches (1ms)
			RebuildScriptCaches (58ms)
			SetupLoadedEditorAssemblies (351ms)
				LogAssemblyErrors (0ms)
				InitializePlatformSupportModulesInManaged (4ms)
				SetLoadedEditorAssemblies (0ms)
				RefreshPlugins (1ms)
				BeforeProcessingInitializeOnLoad (96ms)
				ProcessInitializeOnLoadAttributes (232ms)
				ProcessInitializeOnLoadMethodAttributes (11ms)
				AfterProcessingInitializeOnLoad (6ms)
				EditorAssembliesLoaded (0ms)
			ExecutionOrderSort2 (0ms)
			AwakeInstancesAfterBackupRestoration (8ms)
Platform modules already initialized, skipping
Refreshing native plugins compatible for Editor in 0.58 ms, found 3 plugins.
Preloading 0 native plugins for Editor in 0.00 ms.
Unloading 2333 Unused Serialized files (Serialized files now loaded: 0)
System memory in use before: 103.4 MB.
System memory in use after: 103.6 MB.

Unloading 18 unused Assets to reduce memory usage. Loaded Objects now: 2800.
Total: 4.196600 ms (FindLiveObjects: 0.235200 ms CreateObjectMapping: 0.114900 ms MarkObjects: 3.825800 ms  DeleteObjects: 0.019400 ms)

AssetImportParameters requested are different than current active one (requested -> active):
  custom:framework-win-MediaFoundation: 216162199b28c13a410421893ffa2e32 -> 
  custom:video-decoder-ogg-theora: a1e56fd34408186e4bbccfd4996cb3dc -> 
  custom:container-muxer-webm: aa71ff27fc2769a1b78a27578f13a17b -> 
  custom:container-demuxer-webm: 4f35f7cbe854078d1ac9338744f61a02 -> 
  custom:container-demuxer-ogg: 62fdf1f143b41e24485cea50d1cbac27 -> 
  custom:video-encoder-webm-vp8: eb34c28f22e8b96e1ab97ce403110664 -> 
  custom:video-codec-MediaFoundation-h265: 746d11721c4dcdbdad8f713fa42b33f4 -> 
  custom:video-decoder-webm-vp8: 9c59270c3fd7afecdb556c50c9e8de78 -> 
  custom:audio-decoder-ogg-vorbis: bf7c407c2cedff20999df2af8eb42d56 -> 
  custom:audio-encoder-webm-vorbis: bf7c407c2cedff20999df2af8eb42d56 -> 
AssetImportWorkerClient::OnTransportError - code=2 error=End of file
